# SPARQL queries issued by ru_ua_wiki_link_harvest.py


PREFIX wd: <http://www.wikidata.org/entity/>
PREFIX wdt: <http://www.wikidata.org/prop/direct/>
PREFIX rdfs: <http://www.w3.org/2000/01/rdf-schema#>
PREFIX schema: <http://schema.org/>
PREFIX skos: <http://www.w3.org/2004/02/skos/core#>

SELECT ?item ?label_en ?label_uk ?label_ru ?desc_en ?desc_uk ?desc_ru
       ?enwiki ?ruwiki ?ukwiki ?inst ?citizenship ?country ?origin ?located ?location ?hq
WHERE {
  VALUES ?item { wd:Q1000658 wd:Q100274852 wd:Q100721563 wd:Q101369347 wd:Q101452 wd:Q101463501 wd:Q101559356 wd:Q10185 wd:Q102076857 wd:Q1023912 wd:Q102673 wd:Q1030724 wd:Q1030752 wd:Q104640811 wd:Q104832923 wd:Q104906978 wd:Q105008734 wd:Q105102739 wd:Q1051984 wd:Q105453271 wd:Q105474648 wd:Q1055452 wd:Q105561824 wd:Q105571939 wd:Q105571976 wd:Q1055905 wd:Q1057292 wd:Q106231683 wd:Q106283345 wd:Q106283353 wd:Q106283369 wd:Q1063573 wd:Q1065 wd:Q106575438 wd:Q1065867 wd:Q106609847 wd:Q106647377 wd:Q106809413 wd:Q106959326 wd:Q1069736 wd:Q1070397 wd:Q107043366 wd:Q10708650 wd:Q1070890 wd:Q107101128 wd:Q107123970 wd:Q107177934 wd:Q107356545 wd:Q107599005 wd:Q1076074 wd:Q1076173 wd:Q1076911 wd:Q107715931 wd:Q108047194 wd:Q108084997 wd:Q108094846 wd:Q108137226 wd:Q108415960 wd:Q108733751 wd:Q108807738 wd:Q108913847 wd:Q109040562 wd:Q10932366 wd:Q109336893 wd:Q109358379 wd:Q1094356 wd:Q109492823 wd:Q109592085 wd:Q110097295 wd:Q110254389 wd:Q110267517 wd:Q110269689 wd:Q110413718 wd:Q110560472 wd:Q110582002 wd:Q110586381 wd:Q110612753 wd:Q110613097 wd:Q110653212 wd:Q110653216 wd:Q110681518 wd:Q110713212 wd:Q110722004 wd:Q110761528 wd:Q110770013 wd:Q110812109 wd:Q1108445 wd:Q110955670 wd:Q110955953 wd:Q110961972 wd:Q110983797 wd:Q110984212 wd:Q110994125 wd:Q110995514 wd:Q110999040 wd:Q111010500 wd:Q111012213 wd:Q111012383 wd:Q111012552 wd:Q111012672 }

  # Multilingual labels & descriptions
  OPTIONAL { ?item rdfs:label ?label_en . FILTER(LANG(?label_en) = "en") }
  OPTIONAL { ?item rdfs:label ?label_uk . FILTER(LANG(?label_uk) = "uk") }
  OPTIONAL { ?item rdfs:label ?label_ru . FILTER(LANG(?label_ru) = "ru") }
  OPTIONAL { ?item schema:description ?desc_en . FILTER(LANG(?desc_en) = "en") }
  OPTIONAL { ?item schema:description ?desc_uk . FILTER(LANG(?desc_uk) = "uk") }
  OPTIONAL { ?item schema:description ?desc_ru . FILTER(LANG(?desc_ru) = "ru") }

  # Sitelinks
  OPTIONAL { ?enwiki schema:about ?item ; schema:isPartOf <https://en.wikipedia.org/> . }
  OPTIONAL { ?ruwiki schema:about ?item ; schema:isPartOf <https://ru.wikipedia.org/> . }
  OPTIONAL { ?ukwiki schema:about ?item ; schema:isPartOf <https://uk.wikipedia.org/> . }

  # Instance-of (for category inference)
  OPTIONAL { ?item wdt:P31 ?inst . }

  # Properties for attribution:
  OPTIONAL { ?item wdt:P27 ?citizenship . }     # country of citizenship (people)
  OPTIONAL { ?item wdt:P17 ?country . }         # country (org/place)
  OPTIONAL { ?item wdt:P495 ?origin . }         # country of origin (work/org/equipment)
  OPTIONAL { ?item wdt:P131 ?located . }        # located in the administrative territorial entity
  OPTIONAL { ?item wdt:P276 ?location . }       # location
  OPTIONAL { ?item wdt:P159 ?hq . }             # headquarters location
}



PREFIX wd: <http://www.wikidata.org/entity/>
PREFIX wdt: <http://www.wikidata.org/prop/direct/>
PREFIX rdfs: <http://www.w3.org/2000/01/rdf-schema#>
PREFIX schema: <http://schema.org/>
PREFIX skos: <http://www.w3.org/2004/02/skos/core#>

SELECT ?item ?label_en ?label_uk ?label_ru ?desc_en ?desc_uk ?desc_ru
       ?enwiki ?ruwiki ?ukwiki ?inst ?citizenship ?country ?origin ?located ?location ?hq
WHERE {
  VALUES ?item { wd:Q111013267 wd:Q111013514 wd:Q111013851 wd:Q111013915 wd:Q111014380 wd:Q111014904 wd:Q111015252 wd:Q111015277 wd:Q111015917 wd:Q111017095 wd:Q111017689 wd:Q111017791 wd:Q111017869 wd:Q111018958 wd:Q111019657 wd:Q111020511 wd:Q111020859 wd:Q111022187 wd:Q111025771 wd:Q111026001 wd:Q111028947 wd:Q111029471 wd:Q111030832 wd:Q111030945 wd:Q111032432 wd:Q111033676 wd:Q111033697 wd:Q111033705 wd:Q111034374 wd:Q111034422 wd:Q111036239 wd:Q111036443 wd:Q111037776 wd:Q111045834 wd:Q111048345 wd:Q111048401 wd:Q111058211 wd:Q111060761 wd:Q111068405 wd:Q111078529 wd:Q111082103 wd:Q111083098 wd:Q111085159 wd:Q111088083 wd:Q111092237 wd:Q111094144 wd:Q111096609 wd:Q111103866 wd:Q111104100 wd:Q111104576 wd:Q111110092 wd:Q111136377 wd:Q111141281 wd:Q111141592 wd:Q111143088 wd:Q111144576 wd:Q111148178 wd:Q111151929 wd:Q111154781 wd:Q111166573 wd:Q111169858 wd:Q111172670 wd:Q111179866 wd:Q111181252 wd:Q111190782 wd:Q111191066 wd:Q111192008 wd:Q111195114 wd:Q111195201 wd:Q111196010 wd:Q111202910 wd:Q111213399 wd:Q111223457 wd:Q111235461 wd:Q111238640 wd:Q111239656 wd:Q111239906 wd:Q111243717 wd:Q111243926 wd:Q111244470 wd:Q111244839 wd:Q111261594 wd:Q111267582 wd:Q111269621 wd:Q111269868 wd:Q111272109 wd:Q111272312 wd:Q111279998 wd:Q111281424 wd:Q111284663 wd:Q111286181 wd:Q111296507 wd:Q111305543 wd:Q111307740 wd:Q111307888 wd:Q111310010 wd:Q111313663 wd:Q111326631 wd:Q111331681 wd:Q111333692 }

  # Multilingual labels & descriptions
  OPTIONAL { ?item rdfs:label ?label_en . FILTER(LANG(?label_en) = "en") }
  OPTIONAL { ?item rdfs:label ?label_uk . FILTER(LANG(?label_uk) = "uk") }
  OPTIONAL { ?item rdfs:label ?label_ru . FILTER(LANG(?label_ru) = "ru") }
  OPTIONAL { ?item schema:description ?desc_en . FILTER(LANG(?desc_en) = "en") }
  OPTIONAL { ?item schema:description ?desc_uk . FILTER(LANG(?desc_uk) = "uk") }
  OPTIONAL { ?item schema:description ?desc_ru . FILTER(LANG(?desc_ru) = "ru") }

  # Sitelinks
  OPTIONAL { ?enwiki schema:about ?item ; schema:isPartOf <https://en.wikipedia.org/> . }
  OPTIONAL { ?ruwiki schema:about ?item ; schema:isPartOf <https://ru.wikipedia.org/> . }
  OPTIONAL { ?ukwiki schema:about ?item ; schema:isPartOf <https://uk.wikipedia.org/> . }

  # Instance-of (for category inference)
  OPTIONAL { ?item wdt:P31 ?inst . }

  # Properties for attribution:
  OPTIONAL { ?item wdt:P27 ?citizenship . }     # country of citizenship (people)
  OPTIONAL { ?item wdt:P17 ?country . }         # country (org/place)
  OPTIONAL { ?item wdt:P495 ?origin . }         # country of origin (work/org/equipment)
  OPTIONAL { ?item wdt:P131 ?located . }        # located in the administrative territorial entity
  OPTIONAL { ?item wdt:P276 ?location . }       # location
  OPTIONAL { ?item wdt:P159 ?hq . }             # headquarters location
}



PREFIX wd: <http://www.wikidata.org/entity/>
PREFIX wdt: <http://www.wikidata.org/prop/direct/>
PREFIX rdfs: <http://www.w3.org/2000/01/rdf-schema#>
PREFIX schema: <http://schema.org/>
PREFIX skos: <http://www.w3.org/2004/02/skos/core#>

SELECT ?item ?label_en ?label_uk ?label_ru ?desc_en ?desc_uk ?desc_ru
       ?enwiki ?ruwiki ?ukwiki ?inst ?citizenship ?country ?origin ?located ?location ?hq
WHERE {
  VALUES ?item { wd:Q111338146 wd:Q111345773 wd:Q111352303 wd:Q111366596 wd:Q111366886 wd:Q111372064 wd:Q111383038 wd:Q111383184 wd:Q111383190 wd:Q111383212 wd:Q111383234 wd:Q111383245 wd:Q111383254 wd:Q111383260 wd:Q111427067 wd:Q111432887 wd:Q111434047 wd:Q111442898 wd:Q111442914 wd:Q111442928 wd:Q111442933 wd:Q111442938 wd:Q111442977 wd:Q111442978 wd:Q111442979 wd:Q111442982 wd:Q111443009 wd:Q111444175 wd:Q111448474 wd:Q111461347 wd:Q111464710 wd:Q111464716 wd:Q111465611 wd:Q111467700 wd:Q111472132 wd:Q111478174 wd:Q11148 wd:Q111487687 wd:Q11149 wd:Q111490510 wd:Q111507712 wd:Q111512203 wd:Q111516801 wd:Q111524136 wd:Q111524181 wd:Q111526059 wd:Q111527133 wd:Q111528870 wd:Q111529850 wd:Q111529900 wd:Q111546255 wd:Q111556551 wd:Q111597346 wd:Q111605785 wd:Q111607033 wd:Q111609726 wd:Q111610617 wd:Q111610627 wd:Q111610632 wd:Q111610766 wd:Q111632924 wd:Q111644795 wd:Q111649080 wd:Q111649089 wd:Q111653302 wd:Q111655119 wd:Q111670858 wd:Q111671657 wd:Q111686059 wd:Q111698674 wd:Q111709502 wd:Q111710393 wd:Q111710700 wd:Q111724016 wd:Q111730756 wd:Q111738007 wd:Q111748055 wd:Q111782442 wd:Q111786554 wd:Q111793141 wd:Q111800205 wd:Q111803715 wd:Q111805589 wd:Q111809881 wd:Q111835493 wd:Q111841082 wd:Q111843857 wd:Q111844651 wd:Q111889083 wd:Q111889084 wd:Q111893349 wd:Q111906288 wd:Q111912003 wd:Q111919164 wd:Q111944393 wd:Q111955977 wd:Q111966865 wd:Q111986066 wd:Q111992274 wd:Q111994263 }

  # Multilingual labels & descriptions
  OPTIONAL { ?item rdfs:label ?label_en . FILTER(LANG(?label_en) = "en") }
  OPTIONAL { ?item rdfs:label ?label_uk . FILTER(LANG(?label_uk) = "uk") }
  OPTIONAL { ?item rdfs:label ?label_ru . FILTER(LANG(?label_ru) = "ru") }
  OPTIONAL { ?item schema:description ?desc_en . FILTER(LANG(?desc_en) = "en") }
  OPTIONAL { ?item schema:description ?desc_uk . FILTER(LANG(?desc_uk) = "uk") }
  OPTIONAL { ?item schema:description ?desc_ru . FILTER(LANG(?desc_ru) = "ru") }

  # Sitelinks
  OPTIONAL { ?enwiki schema:about ?item ; schema:isPartOf <https://en.wikipedia.org/> . }
  OPTIONAL { ?ruwiki schema:about ?item ; schema:isPartOf <https://ru.wikipedia.org/> . }
  OPTIONAL { ?ukwiki schema:about ?item ; schema:isPartOf <https://uk.wikipedia.org/> . }

  # Instance-of (for category inference)
  OPTIONAL { ?item wdt:P31 ?inst . }

  # Properties for attribution:
  OPTIONAL { ?item wdt:P27 ?citizenship . }     # country of citizenship (people)
  OPTIONAL { ?item wdt:P17 ?country . }         # country (org/place)
  OPTIONAL { ?item wdt:P495 ?origin . }         # country of origin (work/org/equipment)
  OPTIONAL { ?item wdt:P131 ?located . }        # located in the administrative territorial entity
  OPTIONAL { ?item wdt:P276 ?location . }       # location
  OPTIONAL { ?item wdt:P159 ?hq . }             # headquarters location
}



PREFIX wd: <http://www.wikidata.org/entity/>
PREFIX wdt: <http://www.wikidata.org/prop/direct/>
PREFIX rdfs: <http://www.w3.org/2000/01/rdf-schema#>
PREFIX schema: <http://schema.org/>
PREFIX skos: <http://www.w3.org/2004/02/skos/core#>

SELECT ?item ?label_en ?label_uk ?label_ru ?desc_en ?desc_uk ?desc_ru
       ?enwiki ?ruwiki ?ukwiki ?inst ?citizenship ?country ?origin ?located ?location ?hq
WHERE {
  VALUES ?item { wd:Q112034457 wd:Q112043842 wd:Q112066265 wd:Q11208 wd:Q112108141 wd:Q112111275 wd:Q112114955 wd:Q112114958 wd:Q112114966 wd:Q112118328 wd:Q1122110 wd:Q112219982 wd:Q112222097 wd:Q112225556 wd:Q112241987 wd:Q112245529 wd:Q112257898 wd:Q112257913 wd:Q112268529 wd:Q112274049 wd:Q11227474 wd:Q1122797 wd:Q112309682 wd:Q112339172 wd:Q112406961 wd:Q112412481 wd:Q112418066 wd:Q112420008 wd:Q1125513 wd:Q112604501 wd:Q112610292 wd:Q112619994 wd:Q112628065 wd:Q112649323 wd:Q112657824 wd:Q112670447 wd:Q11268 wd:Q112713177 wd:Q112717164 wd:Q1127302 wd:Q112740987 wd:Q112751353 wd:Q112758105 wd:Q112758111 wd:Q112766800 wd:Q112790845 wd:Q112811644 wd:Q112832919 wd:Q112842357 wd:Q112842362 wd:Q112865573 wd:Q11288846 wd:Q112893342 wd:Q112897579 wd:Q112939195 wd:Q112989396 wd:Q113001261 wd:Q113019179 wd:Q113027451 wd:Q113027454 wd:Q113027457 wd:Q1130771 wd:Q113110897 wd:Q113133211 wd:Q113152463 wd:Q113182796 wd:Q113182809 wd:Q113214028 wd:Q113283113 wd:Q113295397 wd:Q113303783 wd:Q113332663 wd:Q113391513 wd:Q113411916 wd:Q113412004 wd:Q113412198 wd:Q1134220 wd:Q113454269 wd:Q113455585 wd:Q113460033 wd:Q113464193 wd:Q113468950 wd:Q113469602 wd:Q113470738 wd:Q1134808 wd:Q113482948 wd:Q113486746 wd:Q113487169 wd:Q113495737 wd:Q113510491 wd:Q113518832 wd:Q113533286 wd:Q113535682 wd:Q113535918 wd:Q113549029 wd:Q113549466 wd:Q113553483 wd:Q113568088 wd:Q113575649 wd:Q113582152 }

  # Multilingual labels & descriptions
  OPTIONAL { ?item rdfs:label ?label_en . FILTER(LANG(?label_en) = "en") }
  OPTIONAL { ?item rdfs:label ?label_uk . FILTER(LANG(?label_uk) = "uk") }
  OPTIONAL { ?item rdfs:label ?label_ru . FILTER(LANG(?label_ru) = "ru") }
  OPTIONAL { ?item schema:description ?desc_en . FILTER(LANG(?desc_en) = "en") }
  OPTIONAL { ?item schema:description ?desc_uk . FILTER(LANG(?desc_uk) = "uk") }
  OPTIONAL { ?item schema:description ?desc_ru . FILTER(LANG(?desc_ru) = "ru") }

  # Sitelinks
  OPTIONAL { ?enwiki schema:about ?item ; schema:isPartOf <https://en.wikipedia.org/> . }
  OPTIONAL { ?ruwiki schema:about ?item ; schema:isPartOf <https://ru.wikipedia.org/> . }
  OPTIONAL { ?ukwiki schema:about ?item ; schema:isPartOf <https://uk.wikipedia.org/> . }

  # Instance-of (for category inference)
  OPTIONAL { ?item wdt:P31 ?inst . }

  # Properties for attribution:
  OPTIONAL { ?item wdt:P27 ?citizenship . }     # country of citizenship (people)
  OPTIONAL { ?item wdt:P17 ?country . }         # country (org/place)
  OPTIONAL { ?item wdt:P495 ?origin . }         # country of origin (work/org/equipment)
  OPTIONAL { ?item wdt:P131 ?located . }        # located in the administrative territorial entity
  OPTIONAL { ?item wdt:P276 ?location . }       # location
  OPTIONAL { ?item wdt:P159 ?hq . }             # headquarters location
}



PREFIX wd: <http://www.wikidata.org/entity/>
PREFIX wdt: <http://www.wikidata.org/prop/direct/>
PREFIX rdfs: <http://www.w3.org/2000/01/rdf-schema#>
PREFIX schema: <http://schema.org/>
PREFIX skos: <http://www.w3.org/2004/02/skos/core#>

SELECT ?item ?label_en ?label_uk ?label_ru ?desc_en ?desc_uk ?desc_ru
       ?enwiki ?ruwiki ?ukwiki ?inst ?citizenship ?country ?origin ?located ?location ?hq
WHERE {
  VALUES ?item { wd:Q113612174 wd:Q113614143 wd:Q113621766 wd:Q113626814 wd:Q113627133 wd:Q113640505 wd:Q113645485 wd:Q113649169 wd:Q113660541 wd:Q113661143 wd:Q113686829 wd:Q113686831 wd:Q1136962 wd:Q113712723 wd:Q113801490 wd:Q113834800 wd:Q113865480 wd:Q113876553 wd:Q113879961 wd:Q113897563 wd:Q113897580 wd:Q113897588 wd:Q113900200 wd:Q113951869 wd:Q113951870 wd:Q113954021 wd:Q1139887 wd:Q113990504 wd:Q113993499 wd:Q113996207 wd:Q114005999 wd:Q1140111 wd:Q114021817 wd:Q114038008 wd:Q114043729 wd:Q1140492 wd:Q114056276 wd:Q114056309 wd:Q114061388 wd:Q114071665 wd:Q114096220 wd:Q114152965 wd:Q114204558 wd:Q114228960 wd:Q114240134 wd:Q114245504 wd:Q114246281 wd:Q114313216 wd:Q114324062 wd:Q1143379 wd:Q114344966 wd:Q114344973 wd:Q114345079 wd:Q114345083 wd:Q114345086 wd:Q114352162 wd:Q114398440 wd:Q114427659 wd:Q114492886 wd:Q114500533 wd:Q114505635 wd:Q114562257 wd:Q1145714 wd:Q114596123 wd:Q114617172 wd:Q114627475 wd:Q1146301 wd:Q114637377 wd:Q1146492 wd:Q1146562 wd:Q114686825 wd:Q114687958 wd:Q114728467 wd:Q114728525 wd:Q114731387 wd:Q114738445 wd:Q114744918 wd:Q114774395 wd:Q114799777 wd:Q114804359 wd:Q114809920 wd:Q1148669 wd:Q114878496 wd:Q114903312 wd:Q114956075 wd:Q115042149 wd:Q115042968 wd:Q115045451 wd:Q115057772 wd:Q115068655 wd:Q115104207 wd:Q115134884 wd:Q115172927 wd:Q115180394 wd:Q115204149 wd:Q115210725 wd:Q115221740 wd:Q115271171 wd:Q115271604 wd:Q115287845 }

  # Multilingual labels & descriptions
  OPTIONAL { ?item rdfs:label ?label_en . FILTER(LANG(?label_en) = "en") }
  OPTIONAL { ?item rdfs:label ?label_uk . FILTER(LANG(?label_uk) = "uk") }
  OPTIONAL { ?item rdfs:label ?label_ru . FILTER(LANG(?label_ru) = "ru") }
  OPTIONAL { ?item schema:description ?desc_en . FILTER(LANG(?desc_en) = "en") }
  OPTIONAL { ?item schema:description ?desc_uk . FILTER(LANG(?desc_uk) = "uk") }
  OPTIONAL { ?item schema:description ?desc_ru . FILTER(LANG(?desc_ru) = "ru") }

  # Sitelinks
  OPTIONAL { ?enwiki schema:about ?item ; schema:isPartOf <https://en.wikipedia.org/> . }
  OPTIONAL { ?ruwiki schema:about ?item ; schema:isPartOf <https://ru.wikipedia.org/> . }
  OPTIONAL { ?ukwiki schema:about ?item ; schema:isPartOf <https://uk.wikipedia.org/> . }

  # Instance-of (for category inference)
  OPTIONAL { ?item wdt:P31 ?inst . }

  # Properties for attribution:
  OPTIONAL { ?item wdt:P27 ?citizenship . }     # country of citizenship (people)
  OPTIONAL { ?item wdt:P17 ?country . }         # country (org/place)
  OPTIONAL { ?item wdt:P495 ?origin . }         # country of origin (work/org/equipment)
  OPTIONAL { ?item wdt:P131 ?located . }        # located in the administrative territorial entity
  OPTIONAL { ?item wdt:P276 ?location . }       # location
  OPTIONAL { ?item wdt:P159 ?hq . }             # headquarters location
}



PREFIX wd: <http://www.wikidata.org/entity/>
PREFIX wdt: <http://www.wikidata.org/prop/direct/>
PREFIX rdfs: <http://www.w3.org/2000/01/rdf-schema#>
PREFIX schema: <http://schema.org/>
PREFIX skos: <http://www.w3.org/2004/02/skos/core#>

SELECT ?item ?label_en ?label_uk ?label_ru ?desc_en ?desc_uk ?desc_ru
       ?enwiki ?ruwiki ?ukwiki ?inst ?citizenship ?country ?origin ?located ?location ?hq
WHERE {
  VALUES ?item { wd:Q115296987 wd:Q115369646 wd:Q115389467 wd:Q115411358 wd:Q115411365 wd:Q115440758 wd:Q115476937 wd:Q1154866 wd:Q115494122 wd:Q115537248 wd:Q115556668 wd:Q115581754 wd:Q115613968 wd:Q115628162 wd:Q115650748 wd:Q115656769 wd:Q115694934 wd:Q115781346 wd:Q115782 wd:Q115793147 wd:Q115802893 wd:Q115856893 wd:Q115858152 wd:Q115862091 wd:Q115862916 wd:Q115863950 wd:Q115864497 wd:Q115938639 wd:Q115940978 wd:Q115959140 wd:Q116045579 wd:Q1160945 wd:Q116167028 wd:Q116173859 wd:Q116196928 wd:Q116206525 wd:Q116246018 wd:Q116276543 wd:Q116312232 wd:Q116343904 wd:Q116365378 wd:Q116385208 wd:Q116385387 wd:Q116444751 wd:Q116460167 wd:Q116542843 wd:Q116549043 wd:Q116608868 wd:Q1166191 wd:Q116668790 wd:Q116701007 wd:Q116729979 wd:Q116730651 wd:Q116762633 wd:Q116788832 wd:Q116814654 wd:Q116820764 wd:Q116820785 wd:Q116848806 wd:Q116861041 wd:Q116867171 wd:Q116869782 wd:Q116879977 wd:Q11696 wd:Q116961929 wd:Q116967477 wd:Q116969155 wd:Q116969194 wd:Q116981036 wd:Q116989070 wd:Q11701 wd:Q117031957 wd:Q117040497 wd:Q117063798 wd:Q117121762 wd:Q117225357 wd:Q117272331 wd:Q117304132 wd:Q117324741 wd:Q117349099 wd:Q117379715 wd:Q117379722 wd:Q117382123 wd:Q117382594 wd:Q117399367 wd:Q117444823 wd:Q117456118 wd:Q117458 wd:Q117467367 wd:Q117467521 wd:Q117475666 wd:Q117607586 wd:Q117678637 wd:Q117706487 wd:Q117716414 wd:Q117871613 wd:Q117980734 wd:Q118111222 wd:Q118139960 wd:Q118144818 }

  # Multilingual labels & descriptions
  OPTIONAL { ?item rdfs:label ?label_en . FILTER(LANG(?label_en) = "en") }
  OPTIONAL { ?item rdfs:label ?label_uk . FILTER(LANG(?label_uk) = "uk") }
  OPTIONAL { ?item rdfs:label ?label_ru . FILTER(LANG(?label_ru) = "ru") }
  OPTIONAL { ?item schema:description ?desc_en . FILTER(LANG(?desc_en) = "en") }
  OPTIONAL { ?item schema:description ?desc_uk . FILTER(LANG(?desc_uk) = "uk") }
  OPTIONAL { ?item schema:description ?desc_ru . FILTER(LANG(?desc_ru) = "ru") }

  # Sitelinks
  OPTIONAL { ?enwiki schema:about ?item ; schema:isPartOf <https://en.wikipedia.org/> . }
  OPTIONAL { ?ruwiki schema:about ?item ; schema:isPartOf <https://ru.wikipedia.org/> . }
  OPTIONAL { ?ukwiki schema:about ?item ; schema:isPartOf <https://uk.wikipedia.org/> . }

  # Instance-of (for category inference)
  OPTIONAL { ?item wdt:P31 ?inst . }

  # Properties for attribution:
  OPTIONAL { ?item wdt:P27 ?citizenship . }     # country of citizenship (people)
  OPTIONAL { ?item wdt:P17 ?country . }         # country (org/place)
  OPTIONAL { ?item wdt:P495 ?origin . }         # country of origin (work/org/equipment)
  OPTIONAL { ?item wdt:P131 ?located . }        # located in the administrative territorial entity
  OPTIONAL { ?item wdt:P276 ?location . }       # location
  OPTIONAL { ?item wdt:P159 ?hq . }             # headquarters location
}



PREFIX wd: <http://www.wikidata.org/entity/>
PREFIX wdt: <http://www.wikidata.org/prop/direct/>
PREFIX rdfs: <http://www.w3.org/2000/01/rdf-schema#>
PREFIX schema: <http://schema.org/>
PREFIX skos: <http://www.w3.org/2004/02/skos/core#>

SELECT ?item ?label_en ?label_uk ?label_ru ?desc_en ?desc_uk ?desc_ru
       ?enwiki ?ruwiki ?ukwiki ?inst ?citizenship ?country ?origin ?located ?location ?hq
WHERE {
  VALUES ?item { wd:Q11814662 wd:Q118234350 wd:Q118401913 wd:Q118478817 wd:Q118583112 wd:Q118583251 wd:Q11885643 wd:Q118867507 wd:Q118898619 wd:Q118902867 wd:Q118905424 wd:Q118951092 wd:Q118996601 wd:Q119123254 wd:Q119154512 wd:Q119212645 wd:Q119265415 wd:Q119349523 wd:Q119359912 wd:Q119573587 wd:Q119606886 wd:Q119716628 wd:Q119860532 wd:Q119999523 wd:Q120024154 wd:Q120041493 wd:Q12020 wd:Q1202611 wd:Q1202792 wd:Q120279714 wd:Q120396787 wd:Q12051488 wd:Q12055176 wd:Q120689477 wd:Q120703876 wd:Q12074347 wd:Q12075118 wd:Q12077877 wd:Q1207817 wd:Q12080634 wd:Q12080841 wd:Q120835731 wd:Q120835828 wd:Q120843 wd:Q1208479 wd:Q12086588 wd:Q1209169 wd:Q12099230 wd:Q12100003 wd:Q12106309 wd:Q12110823 wd:Q12111341 wd:Q12119499 wd:Q12121980 wd:Q121237378 wd:Q12131336 wd:Q12132975 wd:Q121337950 wd:Q12135395 wd:Q121356999 wd:Q12136184 wd:Q12136984 wd:Q12140171 wd:Q12141949 wd:Q12144905 wd:Q12147447 wd:Q12153540 wd:Q12156949 wd:Q121623996 wd:Q12163419 wd:Q12164003 wd:Q12164319 wd:Q12166063 wd:Q12170540 wd:Q12172937 wd:Q121789683 wd:Q121868041 wd:Q121878804 wd:Q122100 wd:Q122171393 wd:Q122195045 wd:Q122233551 wd:Q122258505 wd:Q122443214 wd:Q122473261 wd:Q122700456 wd:Q122761637 wd:Q122781619 wd:Q122781703 wd:Q122809751 wd:Q122828108 wd:Q122833556 wd:Q122880 wd:Q122936395 wd:Q122946287 wd:Q122962941 wd:Q122963194 wd:Q123010164 wd:Q123070 wd:Q123081317 }

  # Multilingual labels & descriptions
  OPTIONAL { ?item rdfs:label ?label_en . FILTER(LANG(?label_en) = "en") }
  OPTIONAL { ?item rdfs:label ?label_uk . FILTER(LANG(?label_uk) = "uk") }
  OPTIONAL { ?item rdfs:label ?label_ru . FILTER(LANG(?label_ru) = "ru") }
  OPTIONAL { ?item schema:description ?desc_en . FILTER(LANG(?desc_en) = "en") }
  OPTIONAL { ?item schema:description ?desc_uk . FILTER(LANG(?desc_uk) = "uk") }
  OPTIONAL { ?item schema:description ?desc_ru . FILTER(LANG(?desc_ru) = "ru") }

  # Sitelinks
  OPTIONAL { ?enwiki schema:about ?item ; schema:isPartOf <https://en.wikipedia.org/> . }
  OPTIONAL { ?ruwiki schema:about ?item ; schema:isPartOf <https://ru.wikipedia.org/> . }
  OPTIONAL { ?ukwiki schema:about ?item ; schema:isPartOf <https://uk.wikipedia.org/> . }

  # Instance-of (for category inference)
  OPTIONAL { ?item wdt:P31 ?inst . }

  # Properties for attribution:
  OPTIONAL { ?item wdt:P27 ?citizenship . }     # country of citizenship (people)
  OPTIONAL { ?item wdt:P17 ?country . }         # country (org/place)
  OPTIONAL { ?item wdt:P495 ?origin . }         # country of origin (work/org/equipment)
  OPTIONAL { ?item wdt:P131 ?located . }        # located in the administrative territorial entity
  OPTIONAL { ?item wdt:P276 ?location . }       # location
  OPTIONAL { ?item wdt:P159 ?hq . }             # headquarters location
}



PREFIX wd: <http://www.wikidata.org/entity/>
PREFIX wdt: <http://www.wikidata.org/prop/direct/>
PREFIX rdfs: <http://www.w3.org/2000/01/rdf-schema#>
PREFIX schema: <http://schema.org/>
PREFIX skos: <http://www.w3.org/2004/02/skos/core#>

SELECT ?item ?label_en ?label_uk ?label_ru ?desc_en ?desc_uk ?desc_ru
       ?enwiki ?ruwiki ?ukwiki ?inst ?citizenship ?country ?origin ?located ?location ?hq
WHERE {
  VALUES ?item { wd:Q123146893 wd:Q123155303 wd:Q123171229 wd:Q123210 wd:Q123267657 wd:Q1232891 wd:Q123468657 wd:Q123469357 wd:Q123513958 wd:Q123692458 wd:Q123719394 wd:Q123735210 wd:Q123746802 wd:Q123915679 wd:Q124041407 wd:Q124051485 wd:Q124135039 wd:Q124175116 wd:Q124258693 wd:Q124299841 wd:Q124313264 wd:Q124340616 wd:Q124347566 wd:Q124372850 wd:Q124422477 wd:Q124427949 wd:Q124448571 wd:Q124455049 wd:Q124459713 wd:Q124464588 wd:Q124547463 wd:Q124547916 wd:Q124571574 wd:Q12461 wd:Q124613171 wd:Q124628237 wd:Q124726507 wd:Q124739871 wd:Q124795443 wd:Q124800906 wd:Q124801329 wd:Q124814198 wd:Q124820162 wd:Q124824750 wd:Q124968043 wd:Q125017482 wd:Q125081496 wd:Q125092492 wd:Q125100542 wd:Q125119195 wd:Q125130084 wd:Q125243535 wd:Q125358577 wd:Q125398701 wd:Q125457817 wd:Q125471556 wd:Q125590643 wd:Q1256789 wd:Q1257297 wd:Q125766001 wd:Q125855930 wd:Q125870679 wd:Q125894309 wd:Q125931934 wd:Q125959624 wd:Q126009585 wd:Q126036551 wd:Q126098394 wd:Q126306 wd:Q126371140 wd:Q1265067 wd:Q126616223 wd:Q126758599 wd:Q126951360 wd:Q126972625 wd:Q12719462 wd:Q127273790 wd:Q127423706 wd:Q12748 wd:Q127590158 wd:Q1276062 wd:Q127624 wd:Q127631857 wd:Q127798552 wd:Q127974 wd:Q128215399 wd:Q128264469 wd:Q1282786 wd:Q12857637 wd:Q128686808 wd:Q128790031 wd:Q1288449 wd:Q129109453 wd:Q129119 wd:Q129164961 wd:Q129167851 wd:Q1292614 wd:Q129415390 wd:Q129550387 wd:Q129597 }

  # Multilingual labels & descriptions
  OPTIONAL { ?item rdfs:label ?label_en . FILTER(LANG(?label_en) = "en") }
  OPTIONAL { ?item rdfs:label ?label_uk . FILTER(LANG(?label_uk) = "uk") }
  OPTIONAL { ?item rdfs:label ?label_ru . FILTER(LANG(?label_ru) = "ru") }
  OPTIONAL { ?item schema:description ?desc_en . FILTER(LANG(?desc_en) = "en") }
  OPTIONAL { ?item schema:description ?desc_uk . FILTER(LANG(?desc_uk) = "uk") }
  OPTIONAL { ?item schema:description ?desc_ru . FILTER(LANG(?desc_ru) = "ru") }

  # Sitelinks
  OPTIONAL { ?enwiki schema:about ?item ; schema:isPartOf <https://en.wikipedia.org/> . }
  OPTIONAL { ?ruwiki schema:about ?item ; schema:isPartOf <https://ru.wikipedia.org/> . }
  OPTIONAL { ?ukwiki schema:about ?item ; schema:isPartOf <https://uk.wikipedia.org/> . }

  # Instance-of (for category inference)
  OPTIONAL { ?item wdt:P31 ?inst . }

  # Properties for attribution:
  OPTIONAL { ?item wdt:P27 ?citizenship . }     # country of citizenship (people)
  OPTIONAL { ?item wdt:P17 ?country . }         # country (org/place)
  OPTIONAL { ?item wdt:P495 ?origin . }         # country of origin (work/org/equipment)
  OPTIONAL { ?item wdt:P131 ?located . }        # located in the administrative territorial entity
  OPTIONAL { ?item wdt:P276 ?location . }       # location
  OPTIONAL { ?item wdt:P159 ?hq . }             # headquarters location
}



PREFIX wd: <http://www.wikidata.org/entity/>
PREFIX wdt: <http://www.wikidata.org/prop/direct/>
PREFIX rdfs: <http://www.w3.org/2000/01/rdf-schema#>
PREFIX schema: <http://schema.org/>
PREFIX skos: <http://www.w3.org/2004/02/skos/core#>

SELECT ?item ?label_en ?label_uk ?label_ru ?desc_en ?desc_uk ?desc_ru
       ?enwiki ?ruwiki ?ukwiki ?inst ?citizenship ?country ?origin ?located ?location ?hq
WHERE {
  VALUES ?item { wd:Q129900030 wd:Q130199435 wd:Q130224794 wd:Q130255694 wd:Q130268809 wd:Q130296551 wd:Q130305583 wd:Q130323906 wd:Q130377431 wd:Q130388216 wd:Q130485026 wd:Q130565143 wd:Q130571252 wd:Q130601690 wd:Q130711450 wd:Q130755034 wd:Q130779403 wd:Q1308139 wd:Q130871 wd:Q130879 wd:Q1310000 wd:Q131256169 wd:Q131286500 wd:Q131323614 wd:Q131390294 wd:Q131404661 wd:Q131442054 wd:Q131478 wd:Q131552728 wd:Q131620903 wd:Q131629540 wd:Q131802 wd:Q131842545 wd:Q1320053 wd:Q1320354 wd:Q132200522 wd:Q132334184 wd:Q132367495 wd:Q132456883 wd:Q132551 wd:Q132555 wd:Q132831010 wd:Q132891317 wd:Q132891730 wd:Q132898635 wd:Q133356 wd:Q133363 wd:Q133663544 wd:Q133855763 wd:Q133863871 wd:Q133919 wd:Q1340635 wd:Q134086954 wd:Q1341201 wd:Q13424911 wd:Q134274051 wd:Q134279 wd:Q134302341 wd:Q134428607 wd:Q134533755 wd:Q134625406 wd:Q134642638 wd:Q134699802 wd:Q1348890 wd:Q134890163 wd:Q134949 wd:Q134961024 wd:Q13502826 wd:Q135068708 wd:Q135068718 wd:Q13513054 wd:Q135214616 wd:Q1352215 wd:Q135401818 wd:Q135404502 wd:Q135742710 wd:Q136202496 wd:Q136203933 wd:Q136275717 wd:Q136556880 wd:Q136707498 wd:Q136762433 wd:Q1367724 wd:Q1376154 wd:Q1376496 wd:Q138107 wd:Q1381768 wd:Q1383852 wd:Q1394 wd:Q139671 wd:Q13974 wd:Q1410684 wd:Q1418016 wd:Q1418582 wd:Q1419574 wd:Q1419681 wd:Q1420115 wd:Q1420661 wd:Q14270642 wd:Q1431229 }

  # Multilingual labels & descriptions
  OPTIONAL { ?item rdfs:label ?label_en . FILTER(LANG(?label_en) = "en") }
  OPTIONAL { ?item rdfs:label ?label_uk . FILTER(LANG(?label_uk) = "uk") }
  OPTIONAL { ?item rdfs:label ?label_ru . FILTER(LANG(?label_ru) = "ru") }
  OPTIONAL { ?item schema:description ?desc_en . FILTER(LANG(?desc_en) = "en") }
  OPTIONAL { ?item schema:description ?desc_uk . FILTER(LANG(?desc_uk) = "uk") }
  OPTIONAL { ?item schema:description ?desc_ru . FILTER(LANG(?desc_ru) = "ru") }

  # Sitelinks
  OPTIONAL { ?enwiki schema:about ?item ; schema:isPartOf <https://en.wikipedia.org/> . }
  OPTIONAL { ?ruwiki schema:about ?item ; schema:isPartOf <https://ru.wikipedia.org/> . }
  OPTIONAL { ?ukwiki schema:about ?item ; schema:isPartOf <https://uk.wikipedia.org/> . }

  # Instance-of (for category inference)
  OPTIONAL { ?item wdt:P31 ?inst . }

  # Properties for attribution:
  OPTIONAL { ?item wdt:P27 ?citizenship . }     # country of citizenship (people)
  OPTIONAL { ?item wdt:P17 ?country . }         # country (org/place)
  OPTIONAL { ?item wdt:P495 ?origin . }         # country of origin (work/org/equipment)
  OPTIONAL { ?item wdt:P131 ?located . }        # located in the administrative territorial entity
  OPTIONAL { ?item wdt:P276 ?location . }       # location
  OPTIONAL { ?item wdt:P159 ?hq . }             # headquarters location
}



PREFIX wd: <http://www.wikidata.org/entity/>
PREFIX wdt: <http://www.wikidata.org/prop/direct/>
PREFIX rdfs: <http://www.w3.org/2000/01/rdf-schema#>
PREFIX schema: <http://schema.org/>
PREFIX skos: <http://www.w3.org/2004/02/skos/core#>

SELECT ?item ?label_en ?label_uk ?label_ru ?desc_en ?desc_uk ?desc_ru
       ?enwiki ?ruwiki ?ukwiki ?inst ?citizenship ?country ?origin ?located ?location ?hq
WHERE {
  VALUES ?item { wd:Q1432871 wd:Q1436243 wd:Q14395607 wd:Q1450358 wd:Q14505142 wd:Q1459658 wd:Q1459699 wd:Q1462167 wd:Q1464767 wd:Q147872 wd:Q1479024 wd:Q1483430 wd:Q14947002 wd:Q1498647 wd:Q150229 wd:Q1503280 wd:Q1503789 wd:Q1505420 wd:Q15059994 wd:Q15065001 wd:Q15077606 wd:Q1508143 wd:Q1508259 wd:Q15087614 wd:Q15103573 wd:Q1512375 wd:Q151250 wd:Q151469 wd:Q15150037 wd:Q1515426 wd:Q151616 wd:Q1516948 wd:Q15180 wd:Q1519107 wd:Q1519770 wd:Q152060 wd:Q15224558 wd:Q152263 wd:Q15299945 wd:Q15304395 wd:Q15361249 wd:Q153770 wd:Q15407801 wd:Q15408023 wd:Q154100 wd:Q154125 wd:Q1549039 wd:Q1551546 wd:Q1554284 wd:Q155569 wd:Q155718 wd:Q155858 wd:Q155979 wd:Q156238 wd:Q15630662 wd:Q15637564 wd:Q15641473 wd:Q15642845 wd:Q15648944 wd:Q15651243 wd:Q156732 wd:Q1567698 wd:Q15679161 wd:Q15680807 wd:Q15685117 wd:Q1569328 wd:Q15693798 wd:Q15696118 wd:Q1570292 wd:Q15708459 wd:Q1570969 wd:Q15711617 wd:Q15729490 wd:Q15731384 wd:Q15733401 wd:Q1573369 wd:Q157682 wd:Q15768828 wd:Q15779728 wd:Q15788 wd:Q15829163 wd:Q15838217 wd:Q15838763 wd:Q15838823 wd:Q15845826 wd:Q15850 wd:Q15859754 wd:Q15870937 wd:Q15871713 wd:Q15871840 wd:Q15885502 wd:Q15886046 wd:Q159 wd:Q15902969 wd:Q15903801 wd:Q15904897 wd:Q15905314 wd:Q15914984 wd:Q15920546 wd:Q15922213 }

  # Multilingual labels & descriptions
  OPTIONAL { ?item rdfs:label ?label_en . FILTER(LANG(?label_en) = "en") }
  OPTIONAL { ?item rdfs:label ?label_uk . FILTER(LANG(?label_uk) = "uk") }
  OPTIONAL { ?item rdfs:label ?label_ru . FILTER(LANG(?label_ru) = "ru") }
  OPTIONAL { ?item schema:description ?desc_en . FILTER(LANG(?desc_en) = "en") }
  OPTIONAL { ?item schema:description ?desc_uk . FILTER(LANG(?desc_uk) = "uk") }
  OPTIONAL { ?item schema:description ?desc_ru . FILTER(LANG(?desc_ru) = "ru") }

  # Sitelinks
  OPTIONAL { ?enwiki schema:about ?item ; schema:isPartOf <https://en.wikipedia.org/> . }
  OPTIONAL { ?ruwiki schema:about ?item ; schema:isPartOf <https://ru.wikipedia.org/> . }
  OPTIONAL { ?ukwiki schema:about ?item ; schema:isPartOf <https://uk.wikipedia.org/> . }

  # Instance-of (for category inference)
  OPTIONAL { ?item wdt:P31 ?inst . }

  # Properties for attribution:
  OPTIONAL { ?item wdt:P27 ?citizenship . }     # country of citizenship (people)
  OPTIONAL { ?item wdt:P17 ?country . }         # country (org/place)
  OPTIONAL { ?item wdt:P495 ?origin . }         # country of origin (work/org/equipment)
  OPTIONAL { ?item wdt:P131 ?located . }        # located in the administrative territorial entity
  OPTIONAL { ?item wdt:P276 ?location . }       # location
  OPTIONAL { ?item wdt:P159 ?hq . }             # headquarters location
}



PREFIX wd: <http://www.wikidata.org/entity/>
PREFIX wdt: <http://www.wikidata.org/prop/direct/>
PREFIX rdfs: <http://www.w3.org/2000/01/rdf-schema#>
PREFIX schema: <http://schema.org/>
PREFIX skos: <http://www.w3.org/2004/02/skos/core#>

SELECT ?item ?label_en ?label_uk ?label_ru ?desc_en ?desc_uk ?desc_ru
       ?enwiki ?ruwiki ?ukwiki ?inst ?citizenship ?country ?origin ?located ?location ?hq
WHERE {
  VALUES ?item { wd:Q15925292 wd:Q15942106 wd:Q15942221 wd:Q15946570 wd:Q15952371 wd:Q15952967 wd:Q15963668 wd:Q15963807 wd:Q15966495 wd:Q15971609 wd:Q15972050 wd:Q15975478 wd:Q15978427 wd:Q15978638 wd:Q15984994 wd:Q15985324 wd:Q15985376 wd:Q159950 wd:Q16023012 wd:Q16034018 wd:Q160381 wd:Q160440 wd:Q1604816 wd:Q16056530 wd:Q16056539 wd:Q16056631 wd:Q16057984 wd:Q16069779 wd:Q16146546 wd:Q16146845 wd:Q16150196 wd:Q16152591 wd:Q16161939 wd:Q16185932 wd:Q161978 wd:Q16219084 wd:Q16259788 wd:Q1626421 wd:Q16267964 wd:Q162858 wd:Q16323112 wd:Q16335075 wd:Q16338005 wd:Q1634776 wd:Q163883 wd:Q16394378 wd:Q164348 wd:Q16466084 wd:Q16473704 wd:Q16474356 wd:Q164746 wd:Q16481485 wd:Q16481642 wd:Q1648365 wd:Q16499679 wd:Q16504508 wd:Q165058 wd:Q16514790 wd:Q16514825 wd:Q16529035 wd:Q1653734 wd:Q166 wd:Q166032 wd:Q166180 wd:Q16649029 wd:Q16664249 wd:Q16693088 wd:Q16693899 wd:Q16695896 wd:Q16700047 wd:Q16701497 wd:Q16709036 wd:Q16713521 wd:Q16713875 wd:Q16715714 wd:Q16721941 wd:Q16723363 wd:Q16728049 wd:Q16729474 wd:Q16736835 wd:Q16744300 wd:Q16745486 wd:Q16746854 wd:Q16800650 wd:Q16836542 wd:Q1683995 wd:Q16849746 wd:Q16854494 wd:Q16900934 wd:Q16902077 wd:Q16905219 wd:Q169072 wd:Q16919115 wd:Q16932381 wd:Q16937368 wd:Q16937456 wd:Q16939440 wd:Q16942189 wd:Q16942197 wd:Q16952716 }

  # Multilingual labels & descriptions
  OPTIONAL { ?item rdfs:label ?label_en . FILTER(LANG(?label_en) = "en") }
  OPTIONAL { ?item rdfs:label ?label_uk . FILTER(LANG(?label_uk) = "uk") }
  OPTIONAL { ?item rdfs:label ?label_ru . FILTER(LANG(?label_ru) = "ru") }
  OPTIONAL { ?item schema:description ?desc_en . FILTER(LANG(?desc_en) = "en") }
  OPTIONAL { ?item schema:description ?desc_uk . FILTER(LANG(?desc_uk) = "uk") }
  OPTIONAL { ?item schema:description ?desc_ru . FILTER(LANG(?desc_ru) = "ru") }

  # Sitelinks
  OPTIONAL { ?enwiki schema:about ?item ; schema:isPartOf <https://en.wikipedia.org/> . }
  OPTIONAL { ?ruwiki schema:about ?item ; schema:isPartOf <https://ru.wikipedia.org/> . }
  OPTIONAL { ?ukwiki schema:about ?item ; schema:isPartOf <https://uk.wikipedia.org/> . }

  # Instance-of (for category inference)
  OPTIONAL { ?item wdt:P31 ?inst . }

  # Properties for attribution:
  OPTIONAL { ?item wdt:P27 ?citizenship . }     # country of citizenship (people)
  OPTIONAL { ?item wdt:P17 ?country . }         # country (org/place)
  OPTIONAL { ?item wdt:P495 ?origin . }         # country of origin (work/org/equipment)
  OPTIONAL { ?item wdt:P131 ?located . }        # located in the administrative territorial entity
  OPTIONAL { ?item wdt:P276 ?location . }       # location
  OPTIONAL { ?item wdt:P159 ?hq . }             # headquarters location
}



PREFIX wd: <http://www.wikidata.org/entity/>
PREFIX wdt: <http://www.wikidata.org/prop/direct/>
PREFIX rdfs: <http://www.w3.org/2000/01/rdf-schema#>
PREFIX schema: <http://schema.org/>
PREFIX skos: <http://www.w3.org/2004/02/skos/core#>

SELECT ?item ?label_en ?label_uk ?label_ru ?desc_en ?desc_uk ?desc_ru
       ?enwiki ?ruwiki ?ukwiki ?inst ?citizenship ?country ?origin ?located ?location ?hq
WHERE {
  VALUES ?item { wd:Q16954835 wd:Q16960307 wd:Q16962642 wd:Q16969435 wd:Q17001322 wd:Q17008022 wd:Q17008569 wd:Q17009799 wd:Q170135 wd:Q17013536 wd:Q17023197 wd:Q170418 wd:Q170541 wd:Q170666 wd:Q170672 wd:Q17072560 wd:Q17074103 wd:Q1708210 wd:Q17099101 wd:Q17099720 wd:Q17099796 wd:Q1711465 wd:Q1711587 wd:Q171328 wd:Q17152019 wd:Q17156976 wd:Q17181586 wd:Q17195494 wd:Q17199349 wd:Q172107 wd:Q17233198 wd:Q17278673 wd:Q1728608 wd:Q1729457 wd:Q17298092 wd:Q17302370 wd:Q17306873 wd:Q17318904 wd:Q17320569 wd:Q173282 wd:Q17339725 wd:Q17347560 wd:Q17373979 wd:Q17374096 wd:Q17379488 wd:Q17403950 wd:Q17407317 wd:Q174205 wd:Q174570 wd:Q17484681 wd:Q17488307 wd:Q17507748 wd:Q17510383 wd:Q17540371 wd:Q17562769 wd:Q17562811 wd:Q17582456 wd:Q17605491 wd:Q1761133 wd:Q17616074 wd:Q17622327 wd:Q17627724 wd:Q176296 wd:Q1764511 wd:Q1773668 wd:Q1775286 wd:Q1779823 wd:Q17802702 wd:Q178351 wd:Q1786492 wd:Q1786884 wd:Q178810 wd:Q178913 wd:Q179164 wd:Q179250 wd:Q179275 wd:Q1795015 wd:Q18001625 wd:Q18001626 wd:Q180086 wd:Q180126 wd:Q18015557 wd:Q18019781 wd:Q18026293 wd:Q18038232 wd:Q18047596 wd:Q18058555 wd:Q18058656 wd:Q18066676 wd:Q18119637 wd:Q18126044 wd:Q181386 wd:Q181533 wd:Q18159431 wd:Q181648 wd:Q1816546 wd:Q1819354 wd:Q18195753 wd:Q18201826 wd:Q18208069 }

  # Multilingual labels & descriptions
  OPTIONAL { ?item rdfs:label ?label_en . FILTER(LANG(?label_en) = "en") }
  OPTIONAL { ?item rdfs:label ?label_uk . FILTER(LANG(?label_uk) = "uk") }
  OPTIONAL { ?item rdfs:label ?label_ru . FILTER(LANG(?label_ru) = "ru") }
  OPTIONAL { ?item schema:description ?desc_en . FILTER(LANG(?desc_en) = "en") }
  OPTIONAL { ?item schema:description ?desc_uk . FILTER(LANG(?desc_uk) = "uk") }
  OPTIONAL { ?item schema:description ?desc_ru . FILTER(LANG(?desc_ru) = "ru") }

  # Sitelinks
  OPTIONAL { ?enwiki schema:about ?item ; schema:isPartOf <https://en.wikipedia.org/> . }
  OPTIONAL { ?ruwiki schema:about ?item ; schema:isPartOf <https://ru.wikipedia.org/> . }
  OPTIONAL { ?ukwiki schema:about ?item ; schema:isPartOf <https://uk.wikipedia.org/> . }

  # Instance-of (for category inference)
  OPTIONAL { ?item wdt:P31 ?inst . }

  # Properties for attribution:
  OPTIONAL { ?item wdt:P27 ?citizenship . }     # country of citizenship (people)
  OPTIONAL { ?item wdt:P17 ?country . }         # country (org/place)
  OPTIONAL { ?item wdt:P495 ?origin . }         # country of origin (work/org/equipment)
  OPTIONAL { ?item wdt:P131 ?located . }        # located in the administrative territorial entity
  OPTIONAL { ?item wdt:P276 ?location . }       # location
  OPTIONAL { ?item wdt:P159 ?hq . }             # headquarters location
}



PREFIX wd: <http://www.wikidata.org/entity/>
PREFIX wdt: <http://www.wikidata.org/prop/direct/>
PREFIX rdfs: <http://www.w3.org/2000/01/rdf-schema#>
PREFIX schema: <http://schema.org/>
PREFIX skos: <http://www.w3.org/2004/02/skos/core#>

SELECT ?item ?label_en ?label_uk ?label_ru ?desc_en ?desc_uk ?desc_ru
       ?enwiki ?ruwiki ?ukwiki ?inst ?citizenship ?country ?origin ?located ?location ?hq
WHERE {
  VALUES ?item { wd:Q18208094 wd:Q18219541 wd:Q18243283 wd:Q182654 wd:Q18289356 wd:Q18298337 wd:Q1833348 wd:Q183399 wd:Q18340732 wd:Q18342268 wd:Q18344675 wd:Q18348497 wd:Q18389900 wd:Q18393989 wd:Q18395343 wd:Q184 wd:Q18402076 wd:Q18408564 wd:Q18533395 wd:Q1853433 wd:Q18546556 wd:Q185729 wd:Q18575450 wd:Q18602194 wd:Q186068 wd:Q18609357 wd:Q186096 wd:Q18615547 wd:Q186284 wd:Q18639164 wd:Q18642272 wd:Q186444 wd:Q186473 wd:Q18648982 wd:Q18702324 wd:Q18707243 wd:Q1874 wd:Q18761226 wd:Q187890 wd:Q18805944 wd:Q1880896 wd:Q18810087 wd:Q188413 wd:Q18845002 wd:Q188515 wd:Q18882013 wd:Q1889748 wd:Q18920465 wd:Q189266 wd:Q1893456 wd:Q1897630 wd:Q1899 wd:Q190029 wd:Q19119672 wd:Q19159012 wd:Q191594 wd:Q19206998 wd:Q19249259 wd:Q192845 wd:Q19300969 wd:Q193159 wd:Q19345837 wd:Q19359929 wd:Q19364345 wd:Q19364861 wd:Q19365951 wd:Q193727 wd:Q19406629 wd:Q19429007 wd:Q19429010 wd:Q194474 wd:Q1949299 wd:Q1954757 wd:Q19566 wd:Q1956766 wd:Q1959840 wd:Q19603765 wd:Q1961136 wd:Q1961567 wd:Q19618525 wd:Q1961932 wd:Q1962709 wd:Q196627 wd:Q19682450 wd:Q1968642 wd:Q19686631 wd:Q1968667 wd:Q19698338 wd:Q1969955 wd:Q19705 wd:Q1970759 wd:Q19750503 wd:Q1975306 wd:Q1975892 wd:Q19760074 wd:Q1976268 wd:Q19801088 wd:Q19816371 wd:Q19817075 wd:Q19842818 }

  # Multilingual labels & descriptions
  OPTIONAL { ?item rdfs:label ?label_en . FILTER(LANG(?label_en) = "en") }
  OPTIONAL { ?item rdfs:label ?label_uk . FILTER(LANG(?label_uk) = "uk") }
  OPTIONAL { ?item rdfs:label ?label_ru . FILTER(LANG(?label_ru) = "ru") }
  OPTIONAL { ?item schema:description ?desc_en . FILTER(LANG(?desc_en) = "en") }
  OPTIONAL { ?item schema:description ?desc_uk . FILTER(LANG(?desc_uk) = "uk") }
  OPTIONAL { ?item schema:description ?desc_ru . FILTER(LANG(?desc_ru) = "ru") }

  # Sitelinks
  OPTIONAL { ?enwiki schema:about ?item ; schema:isPartOf <https://en.wikipedia.org/> . }
  OPTIONAL { ?ruwiki schema:about ?item ; schema:isPartOf <https://ru.wikipedia.org/> . }
  OPTIONAL { ?ukwiki schema:about ?item ; schema:isPartOf <https://uk.wikipedia.org/> . }

  # Instance-of (for category inference)
  OPTIONAL { ?item wdt:P31 ?inst . }

  # Properties for attribution:
  OPTIONAL { ?item wdt:P27 ?citizenship . }     # country of citizenship (people)
  OPTIONAL { ?item wdt:P17 ?country . }         # country (org/place)
  OPTIONAL { ?item wdt:P495 ?origin . }         # country of origin (work/org/equipment)
  OPTIONAL { ?item wdt:P131 ?located . }        # located in the administrative territorial entity
  OPTIONAL { ?item wdt:P276 ?location . }       # location
  OPTIONAL { ?item wdt:P159 ?hq . }             # headquarters location
}



PREFIX wd: <http://www.wikidata.org/entity/>
PREFIX wdt: <http://www.wikidata.org/prop/direct/>
PREFIX rdfs: <http://www.w3.org/2000/01/rdf-schema#>
PREFIX schema: <http://schema.org/>
PREFIX skos: <http://www.w3.org/2004/02/skos/core#>

SELECT ?item ?label_en ?label_uk ?label_ru ?desc_en ?desc_uk ?desc_ru
       ?enwiki ?ruwiki ?ukwiki ?inst ?citizenship ?country ?origin ?located ?location ?hq
WHERE {
  VALUES ?item { wd:Q19887803 wd:Q19892322 wd:Q19902895 wd:Q19906312 wd:Q1993848 wd:Q19960354 wd:Q1996358 wd:Q20045970 wd:Q20055547 wd:Q20068635 wd:Q20070771 wd:Q20072538 wd:Q20073897 wd:Q20073898 wd:Q20074748 wd:Q20083179 wd:Q20092982 wd:Q20094029 wd:Q20096980 wd:Q2011617 wd:Q2011720 wd:Q201449 wd:Q2027811 wd:Q20310973 wd:Q203323 wd:Q2034609 wd:Q2035045 wd:Q2038582 wd:Q204181 wd:Q2063895 wd:Q2066017 wd:Q20680017 wd:Q2068472 wd:Q2070568 wd:Q20738952 wd:Q2077856 wd:Q2079051 wd:Q2080179 wd:Q208019 wd:Q208383 wd:Q20850503 wd:Q2090117 wd:Q209312 wd:Q20982784 wd:Q21009174 wd:Q21032720 wd:Q210392 wd:Q21039541 wd:Q210701 wd:Q211052 wd:Q211855 wd:Q212 wd:Q212439 wd:Q212658 wd:Q213214 wd:Q21422559 wd:Q216227 wd:Q21637153 wd:Q21644197 wd:Q21644350 wd:Q21672098 wd:Q2167348 wd:Q217 wd:Q217115 wd:Q217228 wd:Q217595 wd:Q2177009 wd:Q218295 wd:Q21855460 wd:Q220602 wd:Q22117640 wd:Q221382 wd:Q2214 wd:Q2234025 wd:Q2266004 wd:Q22682071 wd:Q22686 wd:Q22692 wd:Q2271999 wd:Q2274281 wd:Q228389 wd:Q22935835 wd:Q22938621 wd:Q22941823 wd:Q22948406 wd:Q230 wd:Q2302880 wd:Q23039096 wd:Q2305266 wd:Q2323041 wd:Q2330480 wd:Q233282 wd:Q23427 wd:Q2345070 wd:Q2348037 wd:Q23530 wd:Q2353526 wd:Q2357 wd:Q23636982 wd:Q23688698 }

  # Multilingual labels & descriptions
  OPTIONAL { ?item rdfs:label ?label_en . FILTER(LANG(?label_en) = "en") }
  OPTIONAL { ?item rdfs:label ?label_uk . FILTER(LANG(?label_uk) = "uk") }
  OPTIONAL { ?item rdfs:label ?label_ru . FILTER(LANG(?label_ru) = "ru") }
  OPTIONAL { ?item schema:description ?desc_en . FILTER(LANG(?desc_en) = "en") }
  OPTIONAL { ?item schema:description ?desc_uk . FILTER(LANG(?desc_uk) = "uk") }
  OPTIONAL { ?item schema:description ?desc_ru . FILTER(LANG(?desc_ru) = "ru") }

  # Sitelinks
  OPTIONAL { ?enwiki schema:about ?item ; schema:isPartOf <https://en.wikipedia.org/> . }
  OPTIONAL { ?ruwiki schema:about ?item ; schema:isPartOf <https://ru.wikipedia.org/> . }
  OPTIONAL { ?ukwiki schema:about ?item ; schema:isPartOf <https://uk.wikipedia.org/> . }

  # Instance-of (for category inference)
  OPTIONAL { ?item wdt:P31 ?inst . }

  # Properties for attribution:
  OPTIONAL { ?item wdt:P27 ?citizenship . }     # country of citizenship (people)
  OPTIONAL { ?item wdt:P17 ?country . }         # country (org/place)
  OPTIONAL { ?item wdt:P495 ?origin . }         # country of origin (work/org/equipment)
  OPTIONAL { ?item wdt:P131 ?located . }        # located in the administrative territorial entity
  OPTIONAL { ?item wdt:P276 ?location . }       # location
  OPTIONAL { ?item wdt:P159 ?hq . }             # headquarters location
}



PREFIX wd: <http://www.wikidata.org/entity/>
PREFIX wdt: <http://www.wikidata.org/prop/direct/>
PREFIX rdfs: <http://www.w3.org/2000/01/rdf-schema#>
PREFIX schema: <http://schema.org/>
PREFIX skos: <http://www.w3.org/2004/02/skos/core#>

SELECT ?item ?label_en ?label_uk ?label_ru ?desc_en ?desc_uk ?desc_ru
       ?enwiki ?ruwiki ?ukwiki ?inst ?citizenship ?country ?origin ?located ?location ?hq
WHERE {
  VALUES ?item { wd:Q2371760 wd:Q2372147 wd:Q2374469 wd:Q2378782 wd:Q2380335 wd:Q23815898 wd:Q2382909 wd:Q2384201 wd:Q2387033 wd:Q2387047 wd:Q2394414 wd:Q239502 wd:Q24083390 wd:Q241059 wd:Q2418795 wd:Q2419855 wd:Q242352 wd:Q2425119 wd:Q24255634 wd:Q2425785 wd:Q2426237 wd:Q2429253 wd:Q243610 wd:Q243620 wd:Q2436985 wd:Q2441248 wd:Q2445140 wd:Q244631 wd:Q2448686 wd:Q244932 wd:Q2453169 wd:Q2458166 wd:Q2467697 wd:Q246863 wd:Q2474357 wd:Q2475745 wd:Q2477544 wd:Q2479606 wd:Q2482633 wd:Q249232 wd:Q2492899 wd:Q24931131 wd:Q24932593 wd:Q24933164 wd:Q2493575 wd:Q24957710 wd:Q24957718 wd:Q24957731 wd:Q2497240 wd:Q249838 wd:Q2502431 wd:Q2507183 wd:Q2509516 wd:Q251395 wd:Q25161472 wd:Q2521621 wd:Q2525814 wd:Q25379844 wd:Q254106 wd:Q25420713 wd:Q25421895 wd:Q254220 wd:Q25432822 wd:Q25440050 wd:Q255352 wd:Q2559023 wd:Q25591101 wd:Q2580498 wd:Q258210 wd:Q25830856 wd:Q2583965 wd:Q2585285 wd:Q2596935 wd:Q2612226 wd:Q2618591 wd:Q2620359 wd:Q262414 wd:Q2626746 wd:Q2629621 wd:Q263016 wd:Q2631417 wd:Q2641546 wd:Q2642372 wd:Q264569 wd:Q2650738 wd:Q2652686 wd:Q2652980 wd:Q2657460 wd:Q2658197 wd:Q2658266 wd:Q2659239 wd:Q2660954 wd:Q2668539 wd:Q26703060 wd:Q26749 wd:Q2677944 wd:Q26882151 wd:Q2690204 wd:Q270697 wd:Q2709867 }

  # Multilingual labels & descriptions
  OPTIONAL { ?item rdfs:label ?label_en . FILTER(LANG(?label_en) = "en") }
  OPTIONAL { ?item rdfs:label ?label_uk . FILTER(LANG(?label_uk) = "uk") }
  OPTIONAL { ?item rdfs:label ?label_ru . FILTER(LANG(?label_ru) = "ru") }
  OPTIONAL { ?item schema:description ?desc_en . FILTER(LANG(?desc_en) = "en") }
  OPTIONAL { ?item schema:description ?desc_uk . FILTER(LANG(?desc_uk) = "uk") }
  OPTIONAL { ?item schema:description ?desc_ru . FILTER(LANG(?desc_ru) = "ru") }

  # Sitelinks
  OPTIONAL { ?enwiki schema:about ?item ; schema:isPartOf <https://en.wikipedia.org/> . }
  OPTIONAL { ?ruwiki schema:about ?item ; schema:isPartOf <https://ru.wikipedia.org/> . }
  OPTIONAL { ?ukwiki schema:about ?item ; schema:isPartOf <https://uk.wikipedia.org/> . }

  # Instance-of (for category inference)
  OPTIONAL { ?item wdt:P31 ?inst . }

  # Properties for attribution:
  OPTIONAL { ?item wdt:P27 ?citizenship . }     # country of citizenship (people)
  OPTIONAL { ?item wdt:P17 ?country . }         # country (org/place)
  OPTIONAL { ?item wdt:P495 ?origin . }         # country of origin (work/org/equipment)
  OPTIONAL { ?item wdt:P131 ?located . }        # located in the administrative territorial entity
  OPTIONAL { ?item wdt:P276 ?location . }       # location
  OPTIONAL { ?item wdt:P159 ?hq . }             # headquarters location
}



PREFIX wd: <http://www.wikidata.org/entity/>
PREFIX wdt: <http://www.wikidata.org/prop/direct/>
PREFIX rdfs: <http://www.w3.org/2000/01/rdf-schema#>
PREFIX schema: <http://schema.org/>
PREFIX skos: <http://www.w3.org/2004/02/skos/core#>

SELECT ?item ?label_en ?label_uk ?label_ru ?desc_en ?desc_uk ?desc_ru
       ?enwiki ?ruwiki ?ukwiki ?inst ?citizenship ?country ?origin ?located ?location ?hq
WHERE {
  VALUES ?item { wd:Q27163254 wd:Q2723800 wd:Q272826 wd:Q2734427 wd:Q2737628 wd:Q2742078 wd:Q27449 wd:Q27468 wd:Q27617 wd:Q2763 wd:Q27630523 wd:Q277182 wd:Q277597 wd:Q27969979 wd:Q28056998 wd:Q280998 wd:Q28108 wd:Q28130070 wd:Q28135014 wd:Q28148315 wd:Q28194802 wd:Q28230631 wd:Q28230873 wd:Q2827170 wd:Q28309827 wd:Q28343772 wd:Q28474110 wd:Q284947 wd:Q2866 wd:Q28666160 wd:Q28667119 wd:Q28667857 wd:Q286707 wd:Q28701147 wd:Q28702698 wd:Q28704249 wd:Q28707421 wd:Q287171 wd:Q28736450 wd:Q2877626 wd:Q287942 wd:Q28800912 wd:Q28810950 wd:Q2889007 wd:Q28913 wd:Q29016720 wd:Q29025615 wd:Q290441 wd:Q29075204 wd:Q29108767 wd:Q2918349 wd:Q29242 wd:Q29269 wd:Q2931014 wd:Q2943856 wd:Q2946372 wd:Q29511990 wd:Q29577677 wd:Q2973237 wd:Q2985601 wd:Q2991257 wd:Q2992278 wd:Q2995606 wd:Q29963955 wd:Q2996706 wd:Q2997168 wd:Q30 wd:Q302045 wd:Q3023172 wd:Q30253388 wd:Q30278607 wd:Q30345346 wd:Q303801 wd:Q3044717 wd:Q3089540 wd:Q30898126 wd:Q30957194 wd:Q30960122 wd:Q30961764 wd:Q30961771 wd:Q30969737 wd:Q31070023 wd:Q3109740 wd:Q311440 wd:Q311762 wd:Q31230 wd:Q31354462 wd:Q314026 wd:Q31487 wd:Q3178 wd:Q318250 wd:Q31886605 wd:Q31919 wd:Q32024 wd:Q321371 wd:Q321780 wd:Q322607 wd:Q327237 wd:Q32929 wd:Q33143 }

  # Multilingual labels & descriptions
  OPTIONAL { ?item rdfs:label ?label_en . FILTER(LANG(?label_en) = "en") }
  OPTIONAL { ?item rdfs:label ?label_uk . FILTER(LANG(?label_uk) = "uk") }
  OPTIONAL { ?item rdfs:label ?label_ru . FILTER(LANG(?label_ru) = "ru") }
  OPTIONAL { ?item schema:description ?desc_en . FILTER(LANG(?desc_en) = "en") }
  OPTIONAL { ?item schema:description ?desc_uk . FILTER(LANG(?desc_uk) = "uk") }
  OPTIONAL { ?item schema:description ?desc_ru . FILTER(LANG(?desc_ru) = "ru") }

  # Sitelinks
  OPTIONAL { ?enwiki schema:about ?item ; schema:isPartOf <https://en.wikipedia.org/> . }
  OPTIONAL { ?ruwiki schema:about ?item ; schema:isPartOf <https://ru.wikipedia.org/> . }
  OPTIONAL { ?ukwiki schema:about ?item ; schema:isPartOf <https://uk.wikipedia.org/> . }

  # Instance-of (for category inference)
  OPTIONAL { ?item wdt:P31 ?inst . }

  # Properties for attribution:
  OPTIONAL { ?item wdt:P27 ?citizenship . }     # country of citizenship (people)
  OPTIONAL { ?item wdt:P17 ?country . }         # country (org/place)
  OPTIONAL { ?item wdt:P495 ?origin . }         # country of origin (work/org/equipment)
  OPTIONAL { ?item wdt:P131 ?located . }        # located in the administrative territorial entity
  OPTIONAL { ?item wdt:P276 ?location . }       # location
  OPTIONAL { ?item wdt:P159 ?hq . }             # headquarters location
}



PREFIX wd: <http://www.wikidata.org/entity/>
PREFIX wdt: <http://www.wikidata.org/prop/direct/>
PREFIX rdfs: <http://www.w3.org/2000/01/rdf-schema#>
PREFIX schema: <http://schema.org/>
PREFIX skos: <http://www.w3.org/2004/02/skos/core#>

SELECT ?item ?label_en ?label_uk ?label_ru ?desc_en ?desc_uk ?desc_ru
       ?enwiki ?ruwiki ?ukwiki ?inst ?citizenship ?country ?origin ?located ?location ?hq
WHERE {
  VALUES ?item { wd:Q332695 wd:Q3334878 wd:Q33357 wd:Q334516 wd:Q3354958 wd:Q335530 wd:Q33581 wd:Q33613 wd:Q33723 wd:Q3394393 wd:Q3400114 wd:Q3406485 wd:Q3411181 wd:Q34266 wd:Q34453 wd:Q345321 wd:Q3496097 wd:Q35000 wd:Q3502648 wd:Q352 wd:Q35314 wd:Q3540946 wd:Q357104 wd:Q36073 wd:Q361 wd:Q362 wd:Q3624961 wd:Q36597284 wd:Q370963 wd:Q37133 wd:Q3736097 wd:Q3736537 wd:Q3739104 wd:Q37470 wd:Q37643 wd:Q381375 wd:Q382116 wd:Q3874799 wd:Q3882219 wd:Q3892437 wd:Q3892514 wd:Q390216 wd:Q39086957 wd:Q3916289 wd:Q3916827 wd:Q3942756 wd:Q39681 wd:Q39731 wd:Q40464 wd:Q40469 wd:Q4058442 wd:Q4064180 wd:Q4069690 wd:Q4072724 wd:Q4072725 wd:Q4075910 wd:Q4079409 wd:Q4082777 wd:Q4082839 wd:Q4084413 wd:Q4094946 wd:Q4098701 wd:Q41044 wd:Q41162 wd:Q4126353 wd:Q4127618 wd:Q4131735 wd:Q4131774 wd:Q4135002 wd:Q41397 wd:Q4150130 wd:Q4154638 wd:Q4156031 wd:Q4157150 wd:Q4163369 wd:Q4166460 wd:Q4166900 wd:Q4167855 wd:Q4175382 wd:Q4177484 wd:Q4177716 wd:Q4184821 wd:Q4184949 wd:Q4193368 wd:Q4196341 wd:Q4202020 wd:Q420474 wd:Q4213414 wd:Q42193 wd:Q4219653 wd:Q4220207 wd:Q4220218 wd:Q423 wd:Q42308 wd:Q4231352 wd:Q42377873 wd:Q42378014 wd:Q4242882 wd:Q4247257 wd:Q4249087 }

  # Multilingual labels & descriptions
  OPTIONAL { ?item rdfs:label ?label_en . FILTER(LANG(?label_en) = "en") }
  OPTIONAL { ?item rdfs:label ?label_uk . FILTER(LANG(?label_uk) = "uk") }
  OPTIONAL { ?item rdfs:label ?label_ru . FILTER(LANG(?label_ru) = "ru") }
  OPTIONAL { ?item schema:description ?desc_en . FILTER(LANG(?desc_en) = "en") }
  OPTIONAL { ?item schema:description ?desc_uk . FILTER(LANG(?desc_uk) = "uk") }
  OPTIONAL { ?item schema:description ?desc_ru . FILTER(LANG(?desc_ru) = "ru") }

  # Sitelinks
  OPTIONAL { ?enwiki schema:about ?item ; schema:isPartOf <https://en.wikipedia.org/> . }
  OPTIONAL { ?ruwiki schema:about ?item ; schema:isPartOf <https://ru.wikipedia.org/> . }
  OPTIONAL { ?ukwiki schema:about ?item ; schema:isPartOf <https://uk.wikipedia.org/> . }

  # Instance-of (for category inference)
  OPTIONAL { ?item wdt:P31 ?inst . }

  # Properties for attribution:
  OPTIONAL { ?item wdt:P27 ?citizenship . }     # country of citizenship (people)
  OPTIONAL { ?item wdt:P17 ?country . }         # country (org/place)
  OPTIONAL { ?item wdt:P495 ?origin . }         # country of origin (work/org/equipment)
  OPTIONAL { ?item wdt:P131 ?located . }        # located in the administrative territorial entity
  OPTIONAL { ?item wdt:P276 ?location . }       # location
  OPTIONAL { ?item wdt:P159 ?hq . }             # headquarters location
}



PREFIX wd: <http://www.wikidata.org/entity/>
PREFIX wdt: <http://www.wikidata.org/prop/direct/>
PREFIX rdfs: <http://www.w3.org/2000/01/rdf-schema#>
PREFIX schema: <http://schema.org/>
PREFIX skos: <http://www.w3.org/2004/02/skos/core#>

SELECT ?item ?label_en ?label_uk ?label_ru ?desc_en ?desc_uk ?desc_ru
       ?enwiki ?ruwiki ?ukwiki ?inst ?citizenship ?country ?origin ?located ?location ?hq
WHERE {
  VALUES ?item { wd:Q4262591 wd:Q4266 wd:Q4288751 wd:Q4292478 wd:Q4296040 wd:Q42970 wd:Q4298520 wd:Q43 wd:Q4300306 wd:Q4301647 wd:Q43070 wd:Q4310096 wd:Q4313685 wd:Q4314061 wd:Q4314832 wd:Q432419 wd:Q4327794 wd:Q43297 wd:Q4329764 wd:Q4333119 wd:Q4336698 wd:Q43380 wd:Q4340626 wd:Q4343217 wd:Q4345587 wd:Q4349227 wd:Q4350000 wd:Q4353590 wd:Q43590358 wd:Q4364391 wd:Q4365630 wd:Q43722321 wd:Q4374079 wd:Q4375762 wd:Q4375953 wd:Q4375967 wd:Q4375969 wd:Q4375983 wd:Q4376007 wd:Q4376012 wd:Q4376659 wd:Q4376819 wd:Q4379152 wd:Q4385171 wd:Q4388316 wd:Q438839 wd:Q4392418 wd:Q4392444 wd:Q4393016 wd:Q4394526 wd:Q4396 wd:Q4400796 wd:Q4406231 wd:Q4409143 wd:Q4417188 wd:Q44187 wd:Q4426236 wd:Q4426710 wd:Q4434117 wd:Q4435591 wd:Q4443704 wd:Q4446583 wd:Q4454 wd:Q4463021 wd:Q446865 wd:Q4470396 wd:Q4470456 wd:Q4470470 wd:Q4470573 wd:Q4470581 wd:Q4475374 wd:Q44806 wd:Q4484766 wd:Q4496096 wd:Q4497452 wd:Q4502246 wd:Q45023984 wd:Q4503263 wd:Q4503314 wd:Q4518702 wd:Q4531924 wd:Q45376 wd:Q45382 wd:Q455 wd:Q4551 wd:Q457167 wd:Q458 wd:Q458282 wd:Q459162 wd:Q461761 wd:Q462964 wd:Q4630232 wd:Q46315 wd:Q46999357 wd:Q47005966 wd:Q47015896 wd:Q4704926 wd:Q471730 wd:Q473670 wd:Q473716 }

  # Multilingual labels & descriptions
  OPTIONAL { ?item rdfs:label ?label_en . FILTER(LANG(?label_en) = "en") }
  OPTIONAL { ?item rdfs:label ?label_uk . FILTER(LANG(?label_uk) = "uk") }
  OPTIONAL { ?item rdfs:label ?label_ru . FILTER(LANG(?label_ru) = "ru") }
  OPTIONAL { ?item schema:description ?desc_en . FILTER(LANG(?desc_en) = "en") }
  OPTIONAL { ?item schema:description ?desc_uk . FILTER(LANG(?desc_uk) = "uk") }
  OPTIONAL { ?item schema:description ?desc_ru . FILTER(LANG(?desc_ru) = "ru") }

  # Sitelinks
  OPTIONAL { ?enwiki schema:about ?item ; schema:isPartOf <https://en.wikipedia.org/> . }
  OPTIONAL { ?ruwiki schema:about ?item ; schema:isPartOf <https://ru.wikipedia.org/> . }
  OPTIONAL { ?ukwiki schema:about ?item ; schema:isPartOf <https://uk.wikipedia.org/> . }

  # Instance-of (for category inference)
  OPTIONAL { ?item wdt:P31 ?inst . }

  # Properties for attribution:
  OPTIONAL { ?item wdt:P27 ?citizenship . }     # country of citizenship (people)
  OPTIONAL { ?item wdt:P17 ?country . }         # country (org/place)
  OPTIONAL { ?item wdt:P495 ?origin . }         # country of origin (work/org/equipment)
  OPTIONAL { ?item wdt:P131 ?located . }        # located in the administrative territorial entity
  OPTIONAL { ?item wdt:P276 ?location . }       # location
  OPTIONAL { ?item wdt:P159 ?hq . }             # headquarters location
}



PREFIX wd: <http://www.wikidata.org/entity/>
PREFIX wdt: <http://www.wikidata.org/prop/direct/>
PREFIX rdfs: <http://www.w3.org/2000/01/rdf-schema#>
PREFIX schema: <http://schema.org/>
PREFIX skos: <http://www.w3.org/2004/02/skos/core#>

SELECT ?item ?label_en ?label_uk ?label_ru ?desc_en ?desc_uk ?desc_ru
       ?enwiki ?ruwiki ?ukwiki ?inst ?citizenship ?country ?origin ?located ?location ?hq
WHERE {
  VALUES ?item { wd:Q474138 wd:Q47423 wd:Q47452975 wd:Q47455833 wd:Q47488 wd:Q47489230 wd:Q47499139 wd:Q475678 wd:Q4772307 wd:Q47805 wd:Q4787140 wd:Q4810147 wd:Q48283 wd:Q48340 wd:Q483569 wd:Q485500 wd:Q486 wd:Q48773056 wd:Q48840994 wd:Q488814 wd:Q4916 wd:Q4917 wd:Q49542 wd:Q49683 wd:Q4969997 wd:Q50008 wd:Q50190384 wd:Q502185 wd:Q5058989 wd:Q5059715 wd:Q5059931 wd:Q5062419 wd:Q5073074 wd:Q508107 wd:Q508760 wd:Q5095561 wd:Q510926 wd:Q512990 wd:Q5162784 wd:Q5167679 wd:Q516824 wd:Q5173087 wd:Q5185399 wd:Q5197870 wd:Q5204835 wd:Q520857 wd:Q525758 wd:Q526594 wd:Q5273941 wd:Q5282772 wd:Q5329913 wd:Q538204 wd:Q5412087 wd:Q541369 wd:Q543042 wd:Q546608 wd:Q5468438 wd:Q5474568 wd:Q548164 wd:Q54964679 wd:Q5500834 wd:Q55108552 wd:Q553184 wd:Q55390549 wd:Q5550178 wd:Q55614857 wd:Q55630850 wd:Q55637192 wd:Q5614871 wd:Q5615025 wd:Q561904 wd:Q56226 wd:Q56356284 wd:Q56356293 wd:Q56356604 wd:Q56358197 wd:Q56359066 wd:Q56359160 wd:Q56361139 wd:Q56365319 wd:Q564726 wd:Q5652500 wd:Q565594 wd:Q567 wd:Q568 wd:Q568458 wd:Q57413576 wd:Q57590 wd:Q57665 wd:Q57792 wd:Q57956 wd:Q579677 wd:Q58077 wd:Q58217 wd:Q58232197 wd:Q585094 wd:Q5863470 wd:Q58792 wd:Q588819 wd:Q590605 }

  # Multilingual labels & descriptions
  OPTIONAL { ?item rdfs:label ?label_en . FILTER(LANG(?label_en) = "en") }
  OPTIONAL { ?item rdfs:label ?label_uk . FILTER(LANG(?label_uk) = "uk") }
  OPTIONAL { ?item rdfs:label ?label_ru . FILTER(LANG(?label_ru) = "ru") }
  OPTIONAL { ?item schema:description ?desc_en . FILTER(LANG(?desc_en) = "en") }
  OPTIONAL { ?item schema:description ?desc_uk . FILTER(LANG(?desc_uk) = "uk") }
  OPTIONAL { ?item schema:description ?desc_ru . FILTER(LANG(?desc_ru) = "ru") }

  # Sitelinks
  OPTIONAL { ?enwiki schema:about ?item ; schema:isPartOf <https://en.wikipedia.org/> . }
  OPTIONAL { ?ruwiki schema:about ?item ; schema:isPartOf <https://ru.wikipedia.org/> . }
  OPTIONAL { ?ukwiki schema:about ?item ; schema:isPartOf <https://uk.wikipedia.org/> . }

  # Instance-of (for category inference)
  OPTIONAL { ?item wdt:P31 ?inst . }

  # Properties for attribution:
  OPTIONAL { ?item wdt:P27 ?citizenship . }     # country of citizenship (people)
  OPTIONAL { ?item wdt:P17 ?country . }         # country (org/place)
  OPTIONAL { ?item wdt:P495 ?origin . }         # country of origin (work/org/equipment)
  OPTIONAL { ?item wdt:P131 ?located . }        # located in the administrative territorial entity
  OPTIONAL { ?item wdt:P276 ?location . }       # location
  OPTIONAL { ?item wdt:P159 ?hq . }             # headquarters location
}



PREFIX wd: <http://www.wikidata.org/entity/>
PREFIX wdt: <http://www.wikidata.org/prop/direct/>
PREFIX rdfs: <http://www.w3.org/2000/01/rdf-schema#>
PREFIX schema: <http://schema.org/>
PREFIX skos: <http://www.w3.org/2004/02/skos/core#>

SELECT ?item ?label_en ?label_uk ?label_ru ?desc_en ?desc_uk ?desc_ru
       ?enwiki ?ruwiki ?ukwiki ?inst ?citizenship ?country ?origin ?located ?location ?hq
WHERE {
  VALUES ?item { wd:Q59199697 wd:Q59213553 wd:Q592152 wd:Q59329442 wd:Q593682 wd:Q5939092 wd:Q59422287 wd:Q594712 wd:Q59493657 wd:Q5953349 wd:Q5977193 wd:Q599529 wd:Q6039802 wd:Q604525 wd:Q60497 wd:Q605714 wd:Q605977 wd:Q606332 wd:Q607257 wd:Q6073630 wd:Q60740079 wd:Q60755292 wd:Q60765246 wd:Q60766014 wd:Q60769158 wd:Q60785659 wd:Q60805 wd:Q6082785 wd:Q6085019 wd:Q60995 wd:Q61 wd:Q61112536 wd:Q61273162 wd:Q613729 wd:Q615811 wd:Q6163912 wd:Q617059 wd:Q62016685 wd:Q620735 wd:Q620737 wd:Q621316 wd:Q6223 wd:Q623684 wd:Q625009 wd:Q62714398 wd:Q6279 wd:Q62848344 wd:Q6295971 wd:Q629636 wd:Q631163 wd:Q631799 wd:Q632639 wd:Q632787 wd:Q63323816 wd:Q64 wd:Q6410357 wd:Q64157127 wd:Q6435249 wd:Q6435252 wd:Q643925 wd:Q6445763 wd:Q6445769 wd:Q64632862 wd:Q64737357 wd:Q648266 wd:Q64842485 wd:Q648653 wd:Q649 wd:Q64933571 wd:Q6503313 wd:Q6503597 wd:Q6504067 wd:Q65065597 wd:Q65070966 wd:Q65071049 wd:Q65090755 wd:Q65124101 wd:Q6518187 wd:Q65198777 wd:Q65200615 wd:Q65206217 wd:Q65358 wd:Q656812 wd:Q658951 wd:Q6589923 wd:Q66094865 wd:Q66100 wd:Q6635531 wd:Q6644994 wd:Q6646784 wd:Q66562661 wd:Q66718894 wd:Q6679323 wd:Q66819268 wd:Q669347 wd:Q6694461 wd:Q6702023 wd:Q671510 wd:Q672108 wd:Q674086 }

  # Multilingual labels & descriptions
  OPTIONAL { ?item rdfs:label ?label_en . FILTER(LANG(?label_en) = "en") }
  OPTIONAL { ?item rdfs:label ?label_uk . FILTER(LANG(?label_uk) = "uk") }
  OPTIONAL { ?item rdfs:label ?label_ru . FILTER(LANG(?label_ru) = "ru") }
  OPTIONAL { ?item schema:description ?desc_en . FILTER(LANG(?desc_en) = "en") }
  OPTIONAL { ?item schema:description ?desc_uk . FILTER(LANG(?desc_uk) = "uk") }
  OPTIONAL { ?item schema:description ?desc_ru . FILTER(LANG(?desc_ru) = "ru") }

  # Sitelinks
  OPTIONAL { ?enwiki schema:about ?item ; schema:isPartOf <https://en.wikipedia.org/> . }
  OPTIONAL { ?ruwiki schema:about ?item ; schema:isPartOf <https://ru.wikipedia.org/> . }
  OPTIONAL { ?ukwiki schema:about ?item ; schema:isPartOf <https://uk.wikipedia.org/> . }

  # Instance-of (for category inference)
  OPTIONAL { ?item wdt:P31 ?inst . }

  # Properties for attribution:
  OPTIONAL { ?item wdt:P27 ?citizenship . }     # country of citizenship (people)
  OPTIONAL { ?item wdt:P17 ?country . }         # country (org/place)
  OPTIONAL { ?item wdt:P495 ?origin . }         # country of origin (work/org/equipment)
  OPTIONAL { ?item wdt:P131 ?located . }        # located in the administrative territorial entity
  OPTIONAL { ?item wdt:P276 ?location . }       # location
  OPTIONAL { ?item wdt:P159 ?hq . }             # headquarters location
}



PREFIX wd: <http://www.wikidata.org/entity/>
PREFIX wdt: <http://www.wikidata.org/prop/direct/>
PREFIX rdfs: <http://www.w3.org/2000/01/rdf-schema#>
PREFIX schema: <http://schema.org/>
PREFIX skos: <http://www.w3.org/2004/02/skos/core#>

SELECT ?item ?label_en ?label_uk ?label_ru ?desc_en ?desc_uk ?desc_ru
       ?enwiki ?ruwiki ?ukwiki ?inst ?citizenship ?country ?origin ?located ?location ?hq
WHERE {
  VALUES ?item { wd:Q6754231 wd:Q679524 wd:Q682152 wd:Q682482 wd:Q682597 wd:Q684324 wd:Q6861127 wd:Q686822 wd:Q688716 wd:Q68969 wd:Q690869 wd:Q692209 wd:Q695020 wd:Q696389 wd:Q6979566 wd:Q698771 wd:Q69898861 wd:Q699463 wd:Q701088 wd:Q704389 wd:Q7112499 wd:Q712144 wd:Q7150082 wd:Q715625 wd:Q7174 wd:Q7184 wd:Q718738 wd:Q720982 wd:Q7225141 wd:Q7241262 wd:Q724219 wd:Q7283 wd:Q728513 wd:Q730786 wd:Q735349 wd:Q735699 wd:Q735948 wd:Q7359741 wd:Q7361934 wd:Q736268 wd:Q737212 wd:Q7378954 wd:Q7381937 wd:Q7382025 wd:Q7382153 wd:Q7433664 wd:Q748282 wd:Q748780 wd:Q749970 wd:Q751757 wd:Q7525 wd:Q7541734 wd:Q756294 wd:Q756373 wd:Q7571780 wd:Q760225 wd:Q760629 wd:Q7614897 wd:Q7617892 wd:Q7635388 wd:Q766476 wd:Q7676829 wd:Q7696051 wd:Q76986 wd:Q7703934 wd:Q7703951 wd:Q7727516 wd:Q7730237 wd:Q7737 wd:Q7739683 wd:Q7747 wd:Q7801 wd:Q7806352 wd:Q781365 wd:Q7817 wd:Q7835 wd:Q78363820 wd:Q7878417 wd:Q7878536 wd:Q791673 wd:Q7920822 wd:Q7938589 wd:Q794 wd:Q795757 wd:Q7973980 wd:Q79911 wd:Q8031226 wd:Q811 wd:Q81299 wd:Q8152262 wd:Q817137 wd:Q81893 wd:Q819264 wd:Q821571 wd:Q82434111 wd:Q829104 wd:Q82973 wd:Q83085 wd:Q83372 wd:Q836386 }

  # Multilingual labels & descriptions
  OPTIONAL { ?item rdfs:label ?label_en . FILTER(LANG(?label_en) = "en") }
  OPTIONAL { ?item rdfs:label ?label_uk . FILTER(LANG(?label_uk) = "uk") }
  OPTIONAL { ?item rdfs:label ?label_ru . FILTER(LANG(?label_ru) = "ru") }
  OPTIONAL { ?item schema:description ?desc_en . FILTER(LANG(?desc_en) = "en") }
  OPTIONAL { ?item schema:description ?desc_uk . FILTER(LANG(?desc_uk) = "uk") }
  OPTIONAL { ?item schema:description ?desc_ru . FILTER(LANG(?desc_ru) = "ru") }

  # Sitelinks
  OPTIONAL { ?enwiki schema:about ?item ; schema:isPartOf <https://en.wikipedia.org/> . }
  OPTIONAL { ?ruwiki schema:about ?item ; schema:isPartOf <https://ru.wikipedia.org/> . }
  OPTIONAL { ?ukwiki schema:about ?item ; schema:isPartOf <https://uk.wikipedia.org/> . }

  # Instance-of (for category inference)
  OPTIONAL { ?item wdt:P31 ?inst . }

  # Properties for attribution:
  OPTIONAL { ?item wdt:P27 ?citizenship . }     # country of citizenship (people)
  OPTIONAL { ?item wdt:P17 ?country . }         # country (org/place)
  OPTIONAL { ?item wdt:P495 ?origin . }         # country of origin (work/org/equipment)
  OPTIONAL { ?item wdt:P131 ?located . }        # located in the administrative territorial entity
  OPTIONAL { ?item wdt:P276 ?location . }       # location
  OPTIONAL { ?item wdt:P159 ?hq . }             # headquarters location
}



PREFIX wd: <http://www.wikidata.org/entity/>
PREFIX wdt: <http://www.wikidata.org/prop/direct/>
PREFIX rdfs: <http://www.w3.org/2000/01/rdf-schema#>
PREFIX schema: <http://schema.org/>
PREFIX skos: <http://www.w3.org/2004/02/skos/core#>

SELECT ?item ?label_en ?label_uk ?label_ru ?desc_en ?desc_uk ?desc_ru
       ?enwiki ?ruwiki ?ukwiki ?inst ?citizenship ?country ?origin ?located ?location ?hq
WHERE {
  VALUES ?item { wd:Q841311 wd:Q842386 wd:Q84685732 wd:Q84720913 wd:Q8478 wd:Q849176 wd:Q849563 wd:Q851563 wd:Q852088 wd:Q852133 wd:Q8543350 wd:Q85773630 wd:Q85777220 wd:Q85805244 wd:Q85809757 wd:Q85809763 wd:Q85850263 wd:Q85850267 wd:Q85852117 wd:Q85865182 wd:Q85993896 wd:Q86009289 wd:Q861141 wd:Q861646 wd:Q861764 wd:Q862099 wd:Q863759 wd:Q864113 wd:Q865064 wd:Q866 wd:Q8663 wd:Q866632 wd:Q86673662 wd:Q86753437 wd:Q8683 wd:Q86831539 wd:Q870196 wd:Q87070710 wd:Q87159 wd:Q87235177 wd:Q8729 wd:Q872975 wd:Q8740 wd:Q874784 wd:Q875024 wd:Q878 wd:Q8798 wd:Q889 wd:Q8908 wd:Q890975 wd:Q89191595 wd:Q904463 wd:Q907112 wd:Q913575 wd:Q914114 wd:Q9208014 wd:Q923852 wd:Q926175 wd:Q932840 wd:Q934022 wd:Q936105 wd:Q9395836 wd:Q94080 wd:Q947126 wd:Q950158 wd:Q9531 wd:Q95736217 wd:Q959303 wd:Q96403151 wd:Q96409915 wd:Q96676320 wd:Q9684 wd:Q96929880 wd:Q97160469 wd:Q97187063 wd:Q97189098 wd:Q97305928 wd:Q97586535 wd:Q97610180 wd:Q977436 wd:Q979845 wd:Q982461 wd:Q983503 wd:Q983654 wd:Q983874 wd:Q986 wd:Q987030 wd:Q991826 wd:Q99521842 wd:Q99659280 wd:Q999039 }

  # Multilingual labels & descriptions
  OPTIONAL { ?item rdfs:label ?label_en . FILTER(LANG(?label_en) = "en") }
  OPTIONAL { ?item rdfs:label ?label_uk . FILTER(LANG(?label_uk) = "uk") }
  OPTIONAL { ?item rdfs:label ?label_ru . FILTER(LANG(?label_ru) = "ru") }
  OPTIONAL { ?item schema:description ?desc_en . FILTER(LANG(?desc_en) = "en") }
  OPTIONAL { ?item schema:description ?desc_uk . FILTER(LANG(?desc_uk) = "uk") }
  OPTIONAL { ?item schema:description ?desc_ru . FILTER(LANG(?desc_ru) = "ru") }

  # Sitelinks
  OPTIONAL { ?enwiki schema:about ?item ; schema:isPartOf <https://en.wikipedia.org/> . }
  OPTIONAL { ?ruwiki schema:about ?item ; schema:isPartOf <https://ru.wikipedia.org/> . }
  OPTIONAL { ?ukwiki schema:about ?item ; schema:isPartOf <https://uk.wikipedia.org/> . }

  # Instance-of (for category inference)
  OPTIONAL { ?item wdt:P31 ?inst . }

  # Properties for attribution:
  OPTIONAL { ?item wdt:P27 ?citizenship . }     # country of citizenship (people)
  OPTIONAL { ?item wdt:P17 ?country . }         # country (org/place)
  OPTIONAL { ?item wdt:P495 ?origin . }         # country of origin (work/org/equipment)
  OPTIONAL { ?item wdt:P131 ?located . }        # located in the administrative territorial entity
  OPTIONAL { ?item wdt:P276 ?location . }       # location
  OPTIONAL { ?item wdt:P159 ?hq . }             # headquarters location
}


